Determining if the function sgemm_ exists failed with the following output:
Change Dir: /home/bl/Desktop/Optimization/build/CMakeFiles/CMakeTmp

Run Build Command(s):/usr/bin/gmake -f Makefile cmTC_323f8/fast && /usr/bin/gmake  -f CMakeFiles/cmTC_323f8.dir/build.make CMakeFiles/cmTC_323f8.dir/build
gmake[1]: Entering directory '/home/bl/Desktop/Optimization/build/CMakeFiles/CMakeTmp'
Building C object CMakeFiles/cmTC_323f8.dir/CheckFunctionExists.c.o
/usr/bin/cc   -DCHECK_FUNCTION_EXISTS=sgemm_ -o CMakeFiles/cmTC_323f8.dir/CheckFunctionExists.c.o -c /usr/share/cmake-3.22/Modules/CheckFunctionExists.c
Linking C executable cmTC_323f8
/usr/bin/cmake -E cmake_link_script CMakeFiles/cmTC_323f8.dir/link.txt --verbose=1
/usr/bin/cc  -DCHECK_FUNCTION_EXISTS=sgemm_ CMakeFiles/cmTC_323f8.dir/CheckFunctionExists.c.o -o cmTC_323f8 
/usr/bin/ld: CMakeFiles/cmTC_323f8.dir/CheckFunctionExists.c.o: in function `main':
CheckFunctionExists.c:(.text+0x14): undefined reference to `sgemm_'
collect2: error: ld returned 1 exit status
gmake[1]: *** [CMakeFiles/cmTC_323f8.dir/build.make:99: cmTC_323f8] Error 1
gmake[1]: Leaving directory '/home/bl/Desktop/Optimization/build/CMakeFiles/CMakeTmp'
gmake: *** [Makefile:127: cmTC_323f8/fast] Error 2



Determining if the function cheev_ exists failed with the following output:
Change Dir: /home/bl/Desktop/Optimization/build/CMakeFiles/CMakeTmp

Run Build Command(s):/usr/bin/gmake -f Makefile cmTC_3097d/fast && /usr/bin/gmake  -f CMakeFiles/cmTC_3097d.dir/build.make CMakeFiles/cmTC_3097d.dir/build
gmake[1]: Entering directory '/home/bl/Desktop/Optimization/build/CMakeFiles/CMakeTmp'
Building C object CMakeFiles/cmTC_3097d.dir/CheckFunctionExists.c.o
/usr/bin/cc   -DCHECK_FUNCTION_EXISTS=cheev_ -o CMakeFiles/cmTC_3097d.dir/CheckFunctionExists.c.o -c /usr/share/cmake-3.22/Modules/CheckFunctionExists.c
Linking C executable cmTC_3097d
/usr/bin/cmake -E cmake_link_script CMakeFiles/cmTC_3097d.dir/link.txt --verbose=1
/usr/bin/cc  -DCHECK_FUNCTION_EXISTS=cheev_ CMakeFiles/cmTC_3097d.dir/CheckFunctionExists.c.o -o cmTC_3097d  /usr/lib/x86_64-linux-gnu/libblas.so /usr/lib/x86_64-linux-gnu/libf77blas.so /usr/lib/x86_64-linux-gnu/libatlas.so -lm -ldl 
/usr/bin/ld: CMakeFiles/cmTC_3097d.dir/CheckFunctionExists.c.o: in function `main':
CheckFunctionExists.c:(.text+0x14): undefined reference to `cheev_'
collect2: error: ld returned 1 exit status
gmake[1]: *** [CMakeFiles/cmTC_3097d.dir/build.make:102: cmTC_3097d] Error 1
gmake[1]: Leaving directory '/home/bl/Desktop/Optimization/build/CMakeFiles/CMakeTmp'
gmake: *** [Makefile:127: cmTC_3097d/fast] Error 2



Determining if the function cheev_ exists failed with the following output:
Change Dir: /home/bl/Desktop/Optimization/build/CMakeFiles/CMakeTmp

Run Build Command(s):/usr/bin/gmake -f Makefile cmTC_44073/fast && /usr/bin/gmake  -f CMakeFiles/cmTC_44073.dir/build.make CMakeFiles/cmTC_44073.dir/build
gmake[1]: Entering directory '/home/bl/Desktop/Optimization/build/CMakeFiles/CMakeTmp'
Building C object CMakeFiles/cmTC_44073.dir/CheckFunctionExists.c.o
/usr/bin/cc   -DCHECK_FUNCTION_EXISTS=cheev_ -o CMakeFiles/cmTC_44073.dir/CheckFunctionExists.c.o -c /usr/share/cmake-3.22/Modules/CheckFunctionExists.c
Linking C executable cmTC_44073
/usr/bin/cmake -E cmake_link_script CMakeFiles/cmTC_44073.dir/link.txt --verbose=1
/usr/bin/cc  -DCHECK_FUNCTION_EXISTS=cheev_ CMakeFiles/cmTC_44073.dir/CheckFunctionExists.c.o -o cmTC_44073  /usr/lib/x86_64-linux-gnu/liblapack.so /usr/lib/x86_64-linux-gnu/libblas.so /usr/lib/x86_64-linux-gnu/libf77blas.so /usr/lib/x86_64-linux-gnu/libatlas.so -fortranlibs 
cc: error: unrecognized command-line option ‘-fortranlibs’
gmake[1]: *** [CMakeFiles/cmTC_44073.dir/build.make:103: cmTC_44073] Error 1
gmake[1]: Leaving directory '/home/bl/Desktop/Optimization/build/CMakeFiles/CMakeTmp'
gmake: *** [Makefile:127: cmTC_44073/fast] Error 2



